<?xml version="1.0" encoding="UTF-8"?>
<!-- Generated by org.testng.reporters.JUnitReportReporter -->
<testsuite skipped="0" hostname="ZMO-WIN-ShoebA-01" name="qaclickacademy.SeleniumTest" tests="2" failures="0" timestamp="2021-12-03T16:12:35 IST" time="0.001" errors="0">
  <testcase name="browserAutomation" time="0.001" classname="qaclickacademy.SeleniumTest"/>
  <system-out/>
  <testcase name="elementsUi" time="0.000" classname="qaclickacademy.SeleniumTest"/>
  <system-out/>
</testsuite> <!-- qaclickacademy.SeleniumTest -->
